<?xml version="1.0" encoding="UTF-8"?>
<!-- Generated by org.testng.reporters.JUnitXMLReporter -->
<testsuite ignored="0" hostname="varsity-tech-5" failures="0" tests="6" name="Employee Management Test" time="88.251" errors="0" timestamp="2026-06-19T11:08:29 IST">
  <testcase classname="testCases.TC_0001LoginPageTestclass" name="LoginPageTest" time="0.969"/>
  <testcase classname="testCases.TC_0002EmployeeManagementCard" name="EmployeeManagementCardTest" time="12.097"/>
  <testcase classname="testCases.TC_0003AssignIndividualTestclass" name="assignIndividual" time="6.237"/>
  <testcase classname="testCases.TC_0004UnmapTestclass" name="UnmapTest" time="6.646"/>
  <testcase classname="testCases.TC_0005AssignRoleTestclass" name="assignRoleTest" time="9.315"/>
  <testcase classname="testCases.TC_0006UnAssignRoleTestClass" name="unAssignRoleTest" time="6.464"/>
</testsuite> <!-- Employee Management Test -->
