<?xml version="1.0" encoding="UTF-8"?>
<!-- Generated by org.testng.reporters.JUnitXMLReporter -->
<testsuite ignored="0" hostname="varsity-tech-5" failures="0" tests="6" name="Employee Management Test" time="0.382" errors="0" timestamp="2026-06-16T14:52:23 IST">
  <testcase classname="testCases.BaseClass" name="@BeforeClass setUp" time="-1.781601741608E9">
    <failure type="org.testng.TestNGException" message="
Parameter &amp;apos;browser&amp;apos; is required by BeforeClass on method setUp but has not been marked @Optional or defined
in C:\Users\Administrator\Desktop\eclipse-workspace\employeeManagementBuild7\testNG.xml">
      <![CDATA[org.testng.TestNGException: 
Parameter 'browser' is required by BeforeClass on method setUp but has not been marked @Optional or defined
in C:\Users\Administrator\Desktop\eclipse-workspace\employeeManagementBuild7\testNG.xml
at java.base/java.util.ArrayList.forEach(ArrayList.java:1596)
... Removed 26 stack frames]]>
    </failure>
  </testcase> <!-- @BeforeClass setUp -->
  <testcase classname="testCases.BaseClass" name="@AfterClass tearDown" time="0.0">
    <skipped/>
  </testcase> <!-- @AfterClass tearDown -->
  <testcase classname="testCases.BaseClass" name="@BeforeClass setUp" time="-1.781601741652E9">
    <failure type="org.testng.TestNGException" message="
Parameter &amp;apos;browser&amp;apos; is required by BeforeClass on method setUp but has not been marked @Optional or defined
in C:\Users\Administrator\Desktop\eclipse-workspace\employeeManagementBuild7\testNG.xml">
      <![CDATA[org.testng.TestNGException: 
Parameter 'browser' is required by BeforeClass on method setUp but has not been marked @Optional or defined
in C:\Users\Administrator\Desktop\eclipse-workspace\employeeManagementBuild7\testNG.xml
at java.base/java.util.ArrayList.forEach(ArrayList.java:1596)
... Removed 26 stack frames]]>
    </failure>
  </testcase> <!-- @BeforeClass setUp -->
  <testcase classname="testCases.BaseClass" name="@AfterClass tearDown" time="0.0">
    <skipped/>
  </testcase> <!-- @AfterClass tearDown -->
  <testcase classname="testCases.BaseClass" name="@BeforeClass setUp" time="-1.781601741657E9">
    <failure type="org.testng.TestNGException" message="
Parameter &amp;apos;browser&amp;apos; is required by BeforeClass on method setUp but has not been marked @Optional or defined
in C:\Users\Administrator\Desktop\eclipse-workspace\employeeManagementBuild7\testNG.xml">
      <![CDATA[org.testng.TestNGException: 
Parameter 'browser' is required by BeforeClass on method setUp but has not been marked @Optional or defined
in C:\Users\Administrator\Desktop\eclipse-workspace\employeeManagementBuild7\testNG.xml
at java.base/java.util.ArrayList.forEach(ArrayList.java:1596)
... Removed 26 stack frames]]>
    </failure>
  </testcase> <!-- @BeforeClass setUp -->
  <testcase classname="testCases.BaseClass" name="@AfterClass tearDown" time="0.0">
    <skipped/>
  </testcase> <!-- @AfterClass tearDown -->
  <testcase classname="testCases.BaseClass" name="@BeforeClass setUp" time="-1.781601741664E9">
    <failure type="org.testng.TestNGException" message="
Parameter &amp;apos;browser&amp;apos; is required by BeforeClass on method setUp but has not been marked @Optional or defined
in C:\Users\Administrator\Desktop\eclipse-workspace\employeeManagementBuild7\testNG.xml">
      <![CDATA[org.testng.TestNGException: 
Parameter 'browser' is required by BeforeClass on method setUp but has not been marked @Optional or defined
in C:\Users\Administrator\Desktop\eclipse-workspace\employeeManagementBuild7\testNG.xml
at java.base/java.util.ArrayList.forEach(ArrayList.java:1596)
... Removed 26 stack frames]]>
    </failure>
  </testcase> <!-- @BeforeClass setUp -->
  <testcase classname="testCases.BaseClass" name="@AfterClass tearDown" time="0.0">
    <skipped/>
  </testcase> <!-- @AfterClass tearDown -->
  <testcase classname="testCases.BaseClass" name="@BeforeClass setUp" time="-1.781601741668E9">
    <failure type="org.testng.TestNGException" message="
Parameter &amp;apos;browser&amp;apos; is required by BeforeClass on method setUp but has not been marked @Optional or defined
in C:\Users\Administrator\Desktop\eclipse-workspace\employeeManagementBuild7\testNG.xml">
      <![CDATA[org.testng.TestNGException: 
Parameter 'browser' is required by BeforeClass on method setUp but has not been marked @Optional or defined
in C:\Users\Administrator\Desktop\eclipse-workspace\employeeManagementBuild7\testNG.xml
at java.base/java.util.ArrayList.forEach(ArrayList.java:1596)
... Removed 26 stack frames]]>
    </failure>
  </testcase> <!-- @BeforeClass setUp -->
  <testcase classname="testCases.BaseClass" name="@AfterClass tearDown" time="0.0">
    <skipped/>
  </testcase> <!-- @AfterClass tearDown -->
  <testcase classname="testCases.BaseClass" name="@BeforeClass setUp" time="-1.781601741673E9">
    <failure type="org.testng.TestNGException" message="
Parameter &amp;apos;browser&amp;apos; is required by BeforeClass on method setUp but has not been marked @Optional or defined
in C:\Users\Administrator\Desktop\eclipse-workspace\employeeManagementBuild7\testNG.xml">
      <![CDATA[org.testng.TestNGException: 
Parameter 'browser' is required by BeforeClass on method setUp but has not been marked @Optional or defined
in C:\Users\Administrator\Desktop\eclipse-workspace\employeeManagementBuild7\testNG.xml
at java.base/java.util.ArrayList.forEach(ArrayList.java:1596)
... Removed 26 stack frames]]>
    </failure>
  </testcase> <!-- @BeforeClass setUp -->
  <testcase classname="testCases.BaseClass" name="@AfterClass tearDown" time="0.0">
    <skipped/>
  </testcase> <!-- @AfterClass tearDown -->
  <testcase classname="testCases.TC_0001LoginPageTestclass" name="LoginPageTest" time="0.0">
    <skipped/>
  </testcase> <!-- LoginPageTest -->
  <testcase classname="testCases.TC_0002EmployeeManagementCard" name="EmployeeManagementCardTest" time="0.0">
    <skipped/>
  </testcase> <!-- EmployeeManagementCardTest -->
  <testcase classname="testCases.TC_0003AssignIndividualTestclass" name="assignIndividual" time="0.0">
    <skipped/>
  </testcase> <!-- assignIndividual -->
  <testcase classname="testCases.TC_0004UnmapTestclass" name="UnmapTest" time="0.0">
    <skipped/>
  </testcase> <!-- UnmapTest -->
  <testcase classname="testCases.TC_0005AssignRoleTestclass" name="assignRoleTest" time="0.0">
    <skipped/>
  </testcase> <!-- assignRoleTest -->
  <testcase classname="testCases.TC_0006UnAssignRoleTestClass" name="unAssignRoleTest" time="0.0">
    <skipped/>
  </testcase> <!-- unAssignRoleTest -->
</testsuite> <!-- Employee Management Test -->
