<?xml version="1.0" encoding="UTF-8"?>
<!-- Generated by org.testng.reporters.JUnitXMLReporter -->
<testsuite ignored="0" hostname="varsity-tech-5" failures="0" tests="6" name="ChromeTest" time="192.671" errors="0" timestamp="2026-06-16T14:23:59 IST">
  <testcase classname="testCases.TC_0001LoginPageTestclass" name="LoginPageTest" time="3.111"/>
  <testcase classname="testCases.TC_0002EmployeeManagementCard" name="EmployeeManagementCardTest" time="30.041"/>
  <testcase classname="testCases.TC_0003AssignIndividualTestclass" name="assignIndividual" time="17.039"/>
  <testcase classname="testCases.TC_0004UnmapTestclass" name="UnmapTest" time="20.898"/>
  <testcase classname="testCases.TC_0005AssignRoleTestclass" name="assignRoleTest" time="17.446"/>
  <testcase classname="testCases.TC_0006UnAssignRoleTestClass" name="unAssignRoleTest" time="19.477"/>
</testsuite> <!-- ChromeTest -->
