<?xml version="1.0" encoding="UTF-8"?>
<!-- Generated by org.testng.reporters.JUnitXMLReporter -->
<testsuite ignored="0" hostname="varsity-tech-5" failures="0" tests="6" name="FirefoxTest" time="263.407" errors="0" timestamp="2026-06-16T14:25:10 IST">
  <testcase classname="testCases.TC_0001LoginPageTestclass" name="LoginPageTest" time="2.3"/>
  <testcase classname="testCases.TC_0002EmployeeManagementCard" name="EmployeeManagementCardTest" time="24.328"/>
  <testcase classname="testCases.TC_0003AssignIndividualTestclass" name="assignIndividual" time="18.258"/>
  <testcase classname="testCases.TC_0004UnmapTestclass" name="UnmapTest" time="15.692"/>
  <testcase classname="testCases.TC_0005AssignRoleTestclass" name="assignRoleTest" time="12.596"/>
  <testcase classname="testCases.TC_0006UnAssignRoleTestClass" name="unAssignRoleTest" time="9.344"/>
</testsuite> <!-- FirefoxTest -->
