<?xml version="1.0" encoding="UTF-8"?>
<testsuite xmlns:xsi="http://www.w3.org/2001/XMLSchema-instance" xsi:noNamespaceSchemaLocation="https://maven.apache.org/surefire/maven-surefire-plugin/xsd/surefire-test-report.xsd" version="3.0.2" name="TestSuite" time="92.163" tests="6" errors="0" skipped="0" failures="0">
  <properties>
[...]
</properties>
  <testcase name="LoginPageTest" classname="testCases.TC_0001LoginPageTestclass" time="1.033">
    <system-out><![CDATA[2026-06-19 11:07:06 INFO  TC_0001LoginPageTestclass:48 - Browser launched and navigated to login page
************started TC_0001LoginPageTestclass***********
2026-06-19 11:07:07 INFO  TC_0001LoginPageTestclass:15 - Entered username and password
2026-06-19 11:07:07 INFO  TC_0001LoginPageTestclass:16 - Clicking on login button
2026-06-19 11:07:07 INFO  TC_0001LoginPageTestclass:18 - Logged out successfully
************completed TC_0001LoginPageTestclass***********
]]></system-out>
    <system-err><![CDATA[Jun 19, 2026 11:07:01 AM org.openqa.selenium.devtools.CdpVersionFinder findNearestMatch
WARNING: Unable to find CDP implementation matching 149
Jun 19, 2026 11:07:01 AM org.openqa.selenium.chromium.ChromiumDriver lambda$new$4
WARNING: Unable to find version of CDP to use for 149.0.7827.103. You may need to include a dependency on a specific version of the CDP using something similar to `org.seleniumhq.selenium:selenium-devtools-v86:4.38.0` where the version ("v86") matches the version of the chromium-based browser you're using and the version number of the artifact is the same as Selenium's.
Jun 19, 2026 11:07:04 AM org.openqa.selenium.devtools.CdpVersionFinder findNearestMatch
WARNING: Unable to find CDP implementation matching 149
Jun 19, 2026 11:07:04 AM org.openqa.selenium.chromium.ChromiumDriver lambda$new$4
WARNING: Unable to find version of CDP to use for 149.0.7827.103. You may need to include a dependency on a specific version of the CDP using something similar to `org.seleniumhq.selenium:selenium-devtools-v86:4.38.0` where the version ("v86") matches the version of the chromium-based browser you're using and the version number of the artifact is the same as Selenium's.
]]></system-err>
  </testcase>
  <testcase name="EmployeeManagementCardTest" classname="testCases.TC_0002EmployeeManagementCard" time="12.1">
    <system-out><![CDATA[2026-06-19 11:07:07 INFO  TC_0001LoginPageTestclass:60 - Browser closed
2026-06-19 11:07:14 INFO  TC_0002EmployeeManagementCard:48 - Browser launched and navigated to login page
************started TC_0002EmployeeManagementCard***********
2026-06-19 11:07:16 INFO  TC_0002EmployeeManagementCard:18 - Entered username and password
2026-06-19 11:07:16 INFO  TC_0002EmployeeManagementCard:19 - Clicking on login button
2026-06-19 11:07:16 INFO  TC_0002EmployeeManagementCard:20 - Logged in successfully
2026-06-19 11:07:16 INFO  TC_0002EmployeeManagementCard:22 - Logged out successfully
2026-06-19 11:07:17 INFO  TC_0002EmployeeManagementCard:26 - Clicked on Employee module
2026-06-19 11:07:18 INFO  TC_0002EmployeeManagementCard:28 - Clicked on Employee Management card
2026-06-19 11:07:20 INFO  TC_0002EmployeeManagementCard:35 - Clicked on search input field
2026-06-19 11:07:20 INFO  TC_0002EmployeeManagementCard:41 - Clicked on a search button
2026-06-19 11:07:21 INFO  TC_0002EmployeeManagementCard:44 - Clicked on profile card
2026-06-19 11:07:22 INFO  TC_0002EmployeeManagementCard:47 - Clicked on next button
2026-06-19 11:07:22 INFO  TC_0002EmployeeManagementCard:52 - Clicked on mapping remapping button
2026-06-19 11:07:22 INFO  TC_0002EmployeeManagementCard:55 - Clicked on assign group button
2026-06-19 11:07:22 INFO  TC_0002EmployeeManagementCard:58 - city field:GUNTUR
2026-06-19 11:07:22 INFO  TC_0002EmployeeManagementCard:59 - campus field:CHANAKYA BHAVAN IPCC
2026-06-19 11:07:23 INFO  TC_0002EmployeeManagementCard:62 - Clicked on manager dropdown
2026-06-19 11:07:26 INFO  TC_0002EmployeeManagementCard:65 - Clicked on reporting manager dropdown
2026-06-19 11:07:26 INFO  TC_0002EmployeeManagementCard:68 - Entered remarks
2026-06-19 11:07:26 INFO  TC_0002EmployeeManagementCard:71 - Clicked on back button
************completed TC_0002EmployeeManagementCard***********
]]></system-out>
    <system-err><![CDATA[Jun 19, 2026 11:07:09 AM org.openqa.selenium.devtools.CdpVersionFinder findNearestMatch
WARNING: Unable to find CDP implementation matching 149
Jun 19, 2026 11:07:09 AM org.openqa.selenium.chromium.ChromiumDriver lambda$new$4
WARNING: Unable to find version of CDP to use for 149.0.7827.103. You may need to include a dependency on a specific version of the CDP using something similar to `org.seleniumhq.selenium:selenium-devtools-v86:4.38.0` where the version ("v86") matches the version of the chromium-based browser you're using and the version number of the artifact is the same as Selenium's.
Jun 19, 2026 11:07:11 AM org.openqa.selenium.devtools.CdpVersionFinder findNearestMatch
WARNING: Unable to find CDP implementation matching 149
Jun 19, 2026 11:07:11 AM org.openqa.selenium.chromium.ChromiumDriver lambda$new$4
WARNING: Unable to find version of CDP to use for 149.0.7827.103. You may need to include a dependency on a specific version of the CDP using something similar to `org.seleniumhq.selenium:selenium-devtools-v86:4.38.0` where the version ("v86") matches the version of the chromium-based browser you're using and the version number of the artifact is the same as Selenium's.
]]></system-err>
  </testcase>
  <testcase name="assignIndividual" classname="testCases.TC_0003AssignIndividualTestclass" time="6.241">
    <system-out><![CDATA[2026-06-19 11:07:26 INFO  TC_0002EmployeeManagementCard:60 - Browser closed
2026-06-19 11:07:34 INFO  TC_0003AssignIndividualTestclass:48 - Browser launched and navigated to login page
2026-06-19 11:07:34 INFO  TC_0003AssignIndividualTestclass:16 - ************started TC_0003AssignIndividualTestclass***********
2026-06-19 11:07:35 INFO  TC_0003AssignIndividualTestclass:20 - Entered username and password
2026-06-19 11:07:35 INFO  TC_0003AssignIndividualTestclass:21 - Clicking on login button
2026-06-19 11:07:39 INFO  TC_0003AssignIndividualTestclass:31 - Clicked on mapping remapping button
2026-06-19 11:07:39 INFO  TC_0003AssignIndividualTestclass:35 - Clicked on assignIndividual button
2026-06-19 11:07:40 INFO  TC_0003AssignIndividualTestclass:43 - employee screen shot taken
2026-06-19 11:07:40 INFO  TC_0003AssignIndividualTestclass:45 - payrollid:HYD000020
2026-06-19 11:07:40 INFO  TC_0003AssignIndividualTestclass:47 - remapping cityfield value:GUNTUR
2026-06-19 11:07:40 INFO  TC_0003AssignIndividualTestclass:48 - remapping campusfield value:CHANAKYA BHAVAN IPCC
2026-06-19 11:07:40 INFO  TC_0003AssignIndividualTestclass:51 - Clicked on department dropdown
2026-06-19 11:07:40 INFO  TC_0003AssignIndividualTestclass:54 - Selected designation from dropdown
2026-06-19 11:07:40 INFO  TC_0003AssignIndividualTestclass:57 - Selected reporting manager from dropdown
2026-06-19 11:07:40 INFO  TC_0003AssignIndividualTestclass:60 - Selected manager from dropdown
2026-06-19 11:07:40 INFO  TC_0003AssignIndividualTestclass:65 - Clicked on confirm button
2026-06-19 11:07:40 INFO  TC_0003AssignIndividualTestclass:67 - ************completed TC_0003AssignIndividualTestclass***********
]]></system-out>
    <system-err><![CDATA[Jun 19, 2026 11:07:28 AM org.openqa.selenium.devtools.CdpVersionFinder findNearestMatch
WARNING: Unable to find CDP implementation matching 149
Jun 19, 2026 11:07:28 AM org.openqa.selenium.chromium.ChromiumDriver lambda$new$4
WARNING: Unable to find version of CDP to use for 149.0.7827.103. You may need to include a dependency on a specific version of the CDP using something similar to `org.seleniumhq.selenium:selenium-devtools-v86:4.38.0` where the version ("v86") matches the version of the chromium-based browser you're using and the version number of the artifact is the same as Selenium's.
Jun 19, 2026 11:07:30 AM org.openqa.selenium.devtools.CdpVersionFinder findNearestMatch
WARNING: Unable to find CDP implementation matching 149
Jun 19, 2026 11:07:30 AM org.openqa.selenium.chromium.ChromiumDriver lambda$new$4
WARNING: Unable to find version of CDP to use for 149.0.7827.103. You may need to include a dependency on a specific version of the CDP using something similar to `org.seleniumhq.selenium:selenium-devtools-v86:4.38.0` where the version ("v86") matches the version of the chromium-based browser you're using and the version number of the artifact is the same as Selenium's.
]]></system-err>
  </testcase>
  <testcase name="UnmapTest" classname="testCases.TC_0004UnmapTestclass" time="6.645">
    <system-out><![CDATA[2026-06-19 11:07:40 INFO  TC_0003AssignIndividualTestclass:60 - Browser closed
2026-06-19 11:07:48 INFO  TC_0004UnmapTestclass:48 - Browser launched and navigated to login page
************started TC_0004UnmapTestclass***********
2026-06-19 11:07:49 INFO  TC_0004UnmapTestclass:20 - Entered username and password
2026-06-19 11:07:49 INFO  TC_0004UnmapTestclass:21 - Clicking on login button
2026-06-19 11:07:54 INFO  TC_0004UnmapTestclass:33 - Clicked on unmap button
2026-06-19 11:07:54 INFO  TC_0004UnmapTestclass:35 - Clicked on unassign group button
2026-06-19 11:07:54 INFO  TC_0004UnmapTestclass:37 - Unmap pop up screen shot taken
2026-06-19 11:07:54 INFO  TC_0004UnmapTestclass:40 - Clicked on unassign individual button
2026-06-19 11:07:55 INFO  TC_0004UnmapTestclass:43 - Select Unassign Type header text is matching
2026-06-19 11:07:55 INFO  TC_0004UnmapTestclass:52 - Clicked on manager and reporting manager checkbox
2026-06-19 11:07:55 INFO  TC_0004UnmapTestclass:58 - Entered remark
2026-06-19 11:07:55 INFO  TC_0004UnmapTestclass:61 - ************completed TC_0004UnmapTestclass***********
]]></system-out>
    <system-err><![CDATA[Jun 19, 2026 11:07:42 AM org.openqa.selenium.devtools.CdpVersionFinder findNearestMatch
WARNING: Unable to find CDP implementation matching 149
Jun 19, 2026 11:07:42 AM org.openqa.selenium.chromium.ChromiumDriver lambda$new$4
WARNING: Unable to find version of CDP to use for 149.0.7827.103. You may need to include a dependency on a specific version of the CDP using something similar to `org.seleniumhq.selenium:selenium-devtools-v86:4.38.0` where the version ("v86") matches the version of the chromium-based browser you're using and the version number of the artifact is the same as Selenium's.
Jun 19, 2026 11:07:44 AM org.openqa.selenium.devtools.CdpVersionFinder findNearestMatch
WARNING: Unable to find CDP implementation matching 149
Jun 19, 2026 11:07:44 AM org.openqa.selenium.chromium.ChromiumDriver lambda$new$4
WARNING: Unable to find version of CDP to use for 149.0.7827.103. You may need to include a dependency on a specific version of the CDP using something similar to `org.seleniumhq.selenium:selenium-devtools-v86:4.38.0` where the version ("v86") matches the version of the chromium-based browser you're using and the version number of the artifact is the same as Selenium's.
]]></system-err>
  </testcase>
  <testcase name="assignRoleTest" classname="testCases.TC_0005AssignRoleTestclass" time="9.321">
    <system-out><![CDATA[2026-06-19 11:07:55 INFO  TC_0004UnmapTestclass:60 - Browser closed
2026-06-19 11:08:02 INFO  TC_0005AssignRoleTestclass:48 - Browser launched and navigated to login page
************started TC_0005AssignRoleTestclass***********
2026-06-19 11:08:03 INFO  TC_0005AssignRoleTestclass:20 - Entered username and password
2026-06-19 11:08:03 INFO  TC_0005AssignRoleTestclass:21 - Clicking on login button
2026-06-19 11:08:04 INFO  TC_0005AssignRoleTestclass:25 - Clicked on Employee module
2026-06-19 11:08:05 INFO  TC_0005AssignRoleTestclass:27 - Clicked on Employee Management card
2026-06-19 11:08:07 INFO  TC_0005AssignRoleTestclass:34 - Clicked on search input field
2026-06-19 11:08:07 INFO  TC_0005AssignRoleTestclass:40 - Clicked on a search button
2026-06-19 11:08:08 INFO  TC_0005AssignRoleTestclass:43 - Clicked on profile card
2026-06-19 11:08:08 INFO  TC_0005AssignRoleTestclass:46 - Clicked on next button
2026-06-19 11:08:09 INFO  TC_0005AssignRoleTestclass:48 - Clicked on assign group button
2026-06-19 11:08:09 INFO  TC_0005AssignRoleTestclass:52 - Clicked on assign role button
2026-06-19 11:08:10 INFO  TC_0005AssignRoleTestclass:54 - Captured screenshot of assign role profile card
2026-06-19 11:08:12 INFO  TC_0005AssignRoleTestclass:71 - Clicked on cross button
2026-06-19 11:08:12 INFO  TC_0005AssignRoleTestclass:73 - Clicked on no button in confirmation popup
]]></system-out>
    <system-err><![CDATA[Jun 19, 2026 11:07:57 AM org.openqa.selenium.devtools.CdpVersionFinder findNearestMatch
WARNING: Unable to find CDP implementation matching 149
Jun 19, 2026 11:07:57 AM org.openqa.selenium.chromium.ChromiumDriver lambda$new$4
WARNING: Unable to find version of CDP to use for 149.0.7827.103. You may need to include a dependency on a specific version of the CDP using something similar to `org.seleniumhq.selenium:selenium-devtools-v86:4.38.0` where the version ("v86") matches the version of the chromium-based browser you're using and the version number of the artifact is the same as Selenium's.
Jun 19, 2026 11:07:59 AM org.openqa.selenium.devtools.CdpVersionFinder findNearestMatch
WARNING: Unable to find CDP implementation matching 149
Jun 19, 2026 11:07:59 AM org.openqa.selenium.chromium.ChromiumDriver lambda$new$4
WARNING: Unable to find version of CDP to use for 149.0.7827.103. You may need to include a dependency on a specific version of the CDP using something similar to `org.seleniumhq.selenium:selenium-devtools-v86:4.38.0` where the version ("v86") matches the version of the chromium-based browser you're using and the version number of the artifact is the same as Selenium's.
]]></system-err>
  </testcase>
  <testcase name="unAssignRoleTest" classname="testCases.TC_0006UnAssignRoleTestClass" time="6.464">
    <system-out><![CDATA[2026-06-19 11:08:12 INFO  TC_0005AssignRoleTestclass:60 - Browser closed
2026-06-19 11:08:20 INFO  TC_0006UnAssignRoleTestClass:48 - Browser launched and navigated to login page
************started TC_0006UnAssignRoleTestClass***********
2026-06-19 11:08:21 INFO  TC_0006UnAssignRoleTestClass:21 - Entered username and password
2026-06-19 11:08:21 INFO  TC_0006UnAssignRoleTestClass:22 - Clicking on login button
2026-06-19 11:08:22 INFO  TC_0006UnAssignRoleTestClass:26 - Clicked on Employee module
2026-06-19 11:08:22 INFO  TC_0006UnAssignRoleTestClass:28 - Clicked on Employee Management card
2026-06-19 11:08:24 INFO  TC_0006UnAssignRoleTestClass:35 - Clicked on search input field
2026-06-19 11:08:25 INFO  TC_0006UnAssignRoleTestClass:41 - Clicked on a search button
2026-06-19 11:08:25 INFO  TC_0006UnAssignRoleTestClass:44 - Clicked on profile card
2026-06-19 11:08:26 INFO  TC_0006UnAssignRoleTestClass:47 - Clicked on next button
2026-06-19 11:08:26 INFO  TC_0006UnAssignRoleTestClass:51 - Clicked on unmap button
2026-06-19 11:08:26 INFO  TC_0006UnAssignRoleTestClass:55 - Clicked on unassign role button
2026-06-19 11:08:26 INFO  TC_0006UnAssignRoleTestClass:57 - unAssignRoleHeaderText:null
2026-06-19 11:08:26 INFO  TC_0006UnAssignRoleTestClass:62 - current location:GUNTUR
2026-06-19 11:08:26 INFO  TC_0006UnAssignRoleTestClass:63 - current campus:CHANAKYA BHAVAN IPCC
2026-06-19 11:08:26 INFO  TC_0006UnAssignRoleTestClass:64 - current role:Principal
2026-06-19 11:08:27 INFO  TC_0006UnAssignRoleTestClass:66 - Entered remark
]]></system-out>
    <system-err><![CDATA[Jun 19, 2026 11:08:14 AM org.openqa.selenium.devtools.CdpVersionFinder findNearestMatch
WARNING: Unable to find CDP implementation matching 149
Jun 19, 2026 11:08:14 AM org.openqa.selenium.chromium.ChromiumDriver lambda$new$4
WARNING: Unable to find version of CDP to use for 149.0.7827.103. You may need to include a dependency on a specific version of the CDP using something similar to `org.seleniumhq.selenium:selenium-devtools-v86:4.38.0` where the version ("v86") matches the version of the chromium-based browser you're using and the version number of the artifact is the same as Selenium's.
Jun 19, 2026 11:08:17 AM org.openqa.selenium.devtools.CdpVersionFinder findNearestMatch
WARNING: Unable to find CDP implementation matching 149
Jun 19, 2026 11:08:17 AM org.openqa.selenium.chromium.ChromiumDriver lambda$new$4
WARNING: Unable to find version of CDP to use for 149.0.7827.103. You may need to include a dependency on a specific version of the CDP using something similar to `org.seleniumhq.selenium:selenium-devtools-v86:4.38.0` where the version ("v86") matches the version of the chromium-based browser you're using and the version number of the artifact is the same as Selenium's.
]]></system-err>
  </testcase>
</testsuite>