<?xml version="1.0" encoding="UTF-8"?>
<testng-results ignored="0" total="6" passed="6" failed="0" skipped="0">
  <reporter-output>
  </reporter-output>
  <suite started-at="2026-06-19T11:06:58 IST" name="employeeManagement" finished-at="2026-06-19T11:08:27 IST" duration-ms="88251">
    <groups>
    </groups>
    <test started-at="2026-06-19T11:06:58 IST" name="Employee Management Test" finished-at="2026-06-19T11:08:27 IST" duration-ms="88251">
      <class name="testCases.TC_0001LoginPageTestclass">
        <test-method is-config="true" signature="setUp(java.lang.String)[pri:0, instance:testCases.TC_0001LoginPageTestclass@4550bb58]" started-at="2026-06-19T11:06:59 IST" name="setUp" finished-at="2026-06-19T11:07:06 IST" duration-ms="7530" status="PASS">
          <params>
            <param index="0">
              <value>
                <![CDATA[chrome]]>
              </value>
            </param>
          </params>
          <reporter-output>
          </reporter-output>
        </test-method> <!-- setUp -->
        <test-method signature="LoginPageTest()[pri:0, instance:testCases.TC_0001LoginPageTestclass@4550bb58]" started-at="2026-06-19T11:07:06 IST" name="LoginPageTest" finished-at="2026-06-19T11:07:07 IST" duration-ms="969" status="PASS">
          <reporter-output>
          </reporter-output>
        </test-method> <!-- LoginPageTest -->
        <test-method is-config="true" signature="tearDown()[pri:0, instance:testCases.TC_0001LoginPageTestclass@4550bb58]" started-at="2026-06-19T11:07:07 IST" name="tearDown" finished-at="2026-06-19T11:07:07 IST" duration-ms="1" status="PASS">
          <reporter-output>
          </reporter-output>
        </test-method> <!-- tearDown -->
      </class> <!-- testCases.TC_0001LoginPageTestclass -->
      <class name="testCases.TC_0005AssignRoleTestclass">
        <test-method is-config="true" signature="setUp(java.lang.String)[pri:0, instance:testCases.TC_0005AssignRoleTestclass@77fbd92c]" started-at="2026-06-19T11:07:55 IST" name="setUp" finished-at="2026-06-19T11:08:02 IST" duration-ms="7279" status="PASS">
          <params>
            <param index="0">
              <value>
                <![CDATA[chrome]]>
              </value>
            </param>
          </params>
          <reporter-output>
          </reporter-output>
        </test-method> <!-- setUp -->
        <test-method signature="assignRoleTest()[pri:0, instance:testCases.TC_0005AssignRoleTestclass@77fbd92c]" started-at="2026-06-19T11:08:02 IST" name="assignRoleTest" finished-at="2026-06-19T11:08:12 IST" duration-ms="9315" status="PASS">
          <reporter-output>
          </reporter-output>
        </test-method> <!-- assignRoleTest -->
        <test-method is-config="true" signature="tearDown()[pri:0, instance:testCases.TC_0005AssignRoleTestclass@77fbd92c]" started-at="2026-06-19T11:08:12 IST" name="tearDown" finished-at="2026-06-19T11:08:12 IST" duration-ms="2" status="PASS">
          <reporter-output>
          </reporter-output>
        </test-method> <!-- tearDown -->
      </class> <!-- testCases.TC_0005AssignRoleTestclass -->
      <class name="testCases.TC_0002EmployeeManagementCard">
        <test-method is-config="true" signature="setUp(java.lang.String)[pri:0, instance:testCases.TC_0002EmployeeManagementCard@4efbca5a]" started-at="2026-06-19T11:07:07 IST" name="setUp" finished-at="2026-06-19T11:07:14 IST" duration-ms="6830" status="PASS">
          <params>
            <param index="0">
              <value>
                <![CDATA[chrome]]>
              </value>
            </param>
          </params>
          <reporter-output>
          </reporter-output>
        </test-method> <!-- setUp -->
        <test-method signature="EmployeeManagementCardTest()[pri:0, instance:testCases.TC_0002EmployeeManagementCard@4efbca5a]" started-at="2026-06-19T11:07:14 IST" name="EmployeeManagementCardTest" finished-at="2026-06-19T11:07:26 IST" duration-ms="12097" status="PASS">
          <reporter-output>
          </reporter-output>
        </test-method> <!-- EmployeeManagementCardTest -->
        <test-method is-config="true" signature="tearDown()[pri:0, instance:testCases.TC_0002EmployeeManagementCard@4efbca5a]" started-at="2026-06-19T11:07:26 IST" name="tearDown" finished-at="2026-06-19T11:07:26 IST" duration-ms="9" status="PASS">
          <reporter-output>
          </reporter-output>
        </test-method> <!-- tearDown -->
      </class> <!-- testCases.TC_0002EmployeeManagementCard -->
      <class name="testCases.TC_0006UnAssignRoleTestClass">
        <test-method is-config="true" signature="setUp(java.lang.String)[pri:0, instance:testCases.TC_0006UnAssignRoleTestClass@67c27493]" started-at="2026-06-19T11:08:12 IST" name="setUp" finished-at="2026-06-19T11:08:20 IST" duration-ms="8485" status="PASS">
          <params>
            <param index="0">
              <value>
                <![CDATA[chrome]]>
              </value>
            </param>
          </params>
          <reporter-output>
          </reporter-output>
        </test-method> <!-- setUp -->
        <test-method signature="unAssignRoleTest()[pri:0, instance:testCases.TC_0006UnAssignRoleTestClass@67c27493]" started-at="2026-06-19T11:08:20 IST" name="unAssignRoleTest" finished-at="2026-06-19T11:08:27 IST" duration-ms="6464" status="PASS">
          <reporter-output>
          </reporter-output>
        </test-method> <!-- unAssignRoleTest -->
        <test-method is-config="true" signature="tearDown()[pri:0, instance:testCases.TC_0006UnAssignRoleTestClass@67c27493]" started-at="2026-06-19T11:08:27 IST" name="tearDown" finished-at="2026-06-19T11:08:27 IST" duration-ms="0" status="PASS">
          <reporter-output>
          </reporter-output>
        </test-method> <!-- tearDown -->
      </class> <!-- testCases.TC_0006UnAssignRoleTestClass -->
      <class name="testCases.TC_0004UnmapTestclass">
        <test-method is-config="true" signature="setUp(java.lang.String)[pri:0, instance:testCases.TC_0004UnmapTestclass@59662a0b]" started-at="2026-06-19T11:07:40 IST" name="setUp" finished-at="2026-06-19T11:07:48 IST" duration-ms="8378" status="PASS">
          <params>
            <param index="0">
              <value>
                <![CDATA[chrome]]>
              </value>
            </param>
          </params>
          <reporter-output>
          </reporter-output>
        </test-method> <!-- setUp -->
        <test-method signature="UnmapTest()[pri:0, instance:testCases.TC_0004UnmapTestclass@59662a0b]" started-at="2026-06-19T11:07:48 IST" name="UnmapTest" finished-at="2026-06-19T11:07:55 IST" duration-ms="6646" status="PASS">
          <reporter-output>
          </reporter-output>
        </test-method> <!-- UnmapTest -->
        <test-method is-config="true" signature="tearDown()[pri:0, instance:testCases.TC_0004UnmapTestclass@59662a0b]" started-at="2026-06-19T11:07:55 IST" name="tearDown" finished-at="2026-06-19T11:07:55 IST" duration-ms="0" status="PASS">
          <reporter-output>
          </reporter-output>
        </test-method> <!-- tearDown -->
      </class> <!-- testCases.TC_0004UnmapTestclass -->
      <class name="testCases.TC_0003AssignIndividualTestclass">
        <test-method is-config="true" signature="setUp(java.lang.String)[pri:0, instance:testCases.TC_0003AssignIndividualTestclass@1b7cc17c]" started-at="2026-06-19T11:07:26 IST" name="setUp" finished-at="2026-06-19T11:07:34 IST" duration-ms="7449" status="PASS">
          <params>
            <param index="0">
              <value>
                <![CDATA[chrome]]>
              </value>
            </param>
          </params>
          <reporter-output>
          </reporter-output>
        </test-method> <!-- setUp -->
        <test-method signature="assignIndividual()[pri:0, instance:testCases.TC_0003AssignIndividualTestclass@1b7cc17c]" started-at="2026-06-19T11:07:34 IST" name="assignIndividual" finished-at="2026-06-19T11:07:40 IST" duration-ms="6237" status="PASS">
          <reporter-output>
          </reporter-output>
        </test-method> <!-- assignIndividual -->
        <test-method is-config="true" signature="tearDown()[pri:0, instance:testCases.TC_0003AssignIndividualTestclass@1b7cc17c]" started-at="2026-06-19T11:07:40 IST" name="tearDown" finished-at="2026-06-19T11:07:40 IST" duration-ms="2" status="PASS">
          <reporter-output>
          </reporter-output>
        </test-method> <!-- tearDown -->
      </class> <!-- testCases.TC_0003AssignIndividualTestclass -->
    </test> <!-- Employee Management Test -->
  </suite> <!-- employeeManagement -->
</testng-results>
