<?xml version="1.0" encoding="UTF-8"?>
<testng-results ignored="0" total="4" passed="4" failed="0" skipped="0">
  <reporter-output>
  </reporter-output>
  <suite started-at="2026-06-16T10:24:26 IST" name="employeeManagement" finished-at="2026-06-16T10:24:59 IST" duration-ms="33176">
    <groups>
    </groups>
    <test started-at="2026-06-16T10:24:26 IST" name="Employee Management Test" finished-at="2026-06-16T10:24:59 IST" duration-ms="33176">
      <class name="testCases.TC_0001LoginPageTestclass">
        <test-method is-config="true" signature="setUp()[pri:0, instance:testCases.TC_0001LoginPageTestclass@61322f9d]" started-at="2026-06-16T10:24:26 IST" name="setUp" finished-at="2026-06-16T10:24:30 IST" duration-ms="4125" status="PASS">
          <reporter-output>
          </reporter-output>
        </test-method> <!-- setUp -->
        <test-method signature="LoginPageTest()[pri:0, instance:testCases.TC_0001LoginPageTestclass@61322f9d]" started-at="2026-06-16T10:24:30 IST" name="LoginPageTest" finished-at="2026-06-16T10:24:31 IST" duration-ms="544" status="PASS">
          <reporter-output>
          </reporter-output>
        </test-method> <!-- LoginPageTest -->
        <test-method is-config="true" signature="tearDown()[pri:0, instance:testCases.TC_0001LoginPageTestclass@61322f9d]" started-at="2026-06-16T10:24:31 IST" name="tearDown" finished-at="2026-06-16T10:24:31 IST" duration-ms="1" status="PASS">
          <reporter-output>
          </reporter-output>
        </test-method> <!-- tearDown -->
      </class> <!-- testCases.TC_0001LoginPageTestclass -->
      <class name="testCases.TC_0002EmployeeManagementCard">
        <test-method is-config="true" signature="setUp()[pri:0, instance:testCases.TC_0002EmployeeManagementCard@b2c9a9c]" started-at="2026-06-16T10:24:31 IST" name="setUp" finished-at="2026-06-16T10:24:35 IST" duration-ms="3728" status="PASS">
          <reporter-output>
          </reporter-output>
        </test-method> <!-- setUp -->
        <test-method signature="EmployeeManagementCardTest()[pri:0, instance:testCases.TC_0002EmployeeManagementCard@b2c9a9c]" started-at="2026-06-16T10:24:35 IST" name="EmployeeManagementCardTest" finished-at="2026-06-16T10:24:42 IST" duration-ms="6971" status="PASS">
          <reporter-output>
          </reporter-output>
        </test-method> <!-- EmployeeManagementCardTest -->
        <test-method is-config="true" signature="tearDown()[pri:0, instance:testCases.TC_0002EmployeeManagementCard@b2c9a9c]" started-at="2026-06-16T10:24:42 IST" name="tearDown" finished-at="2026-06-16T10:24:42 IST" duration-ms="3" status="PASS">
          <reporter-output>
          </reporter-output>
        </test-method> <!-- tearDown -->
      </class> <!-- testCases.TC_0002EmployeeManagementCard -->
      <class name="testCases.TC_0004UnmapTestclass">
        <test-method is-config="true" signature="setUp()[pri:0, instance:testCases.TC_0004UnmapTestclass@fa4c865]" started-at="2026-06-16T10:24:50 IST" name="setUp" finished-at="2026-06-16T10:24:54 IST" duration-ms="3640" status="PASS">
          <reporter-output>
          </reporter-output>
        </test-method> <!-- setUp -->
        <test-method signature="UnmapTest()[pri:0, instance:testCases.TC_0004UnmapTestclass@fa4c865]" started-at="2026-06-16T10:24:54 IST" name="UnmapTest" finished-at="2026-06-16T10:24:59 IST" duration-ms="5206" status="PASS">
          <reporter-output>
          </reporter-output>
        </test-method> <!-- UnmapTest -->
        <test-method is-config="true" signature="tearDown()[pri:0, instance:testCases.TC_0004UnmapTestclass@fa4c865]" started-at="2026-06-16T10:24:59 IST" name="tearDown" finished-at="2026-06-16T10:24:59 IST" duration-ms="0" status="PASS">
          <reporter-output>
          </reporter-output>
        </test-method> <!-- tearDown -->
      </class> <!-- testCases.TC_0004UnmapTestclass -->
      <class name="testCases.TC_0003AssignIndividualTestclass">
        <test-method is-config="true" signature="setUp()[pri:0, instance:testCases.TC_0003AssignIndividualTestclass@4c178a76]" started-at="2026-06-16T10:24:42 IST" name="setUp" finished-at="2026-06-16T10:24:45 IST" duration-ms="3559" status="PASS">
          <reporter-output>
          </reporter-output>
        </test-method> <!-- setUp -->
        <test-method signature="assignIndividual()[pri:0, instance:testCases.TC_0003AssignIndividualTestclass@4c178a76]" started-at="2026-06-16T10:24:45 IST" name="assignIndividual" finished-at="2026-06-16T10:24:50 IST" duration-ms="4833" status="PASS">
          <reporter-output>
          </reporter-output>
        </test-method> <!-- assignIndividual -->
        <test-method is-config="true" signature="tearDown()[pri:0, instance:testCases.TC_0003AssignIndividualTestclass@4c178a76]" started-at="2026-06-16T10:24:50 IST" name="tearDown" finished-at="2026-06-16T10:24:50 IST" duration-ms="0" status="PASS">
          <reporter-output>
          </reporter-output>
        </test-method> <!-- tearDown -->
      </class> <!-- testCases.TC_0003AssignIndividualTestclass -->
    </test> <!-- Employee Management Test -->
  </suite> <!-- employeeManagement -->
</testng-results>
