<?xml version="1.0" encoding="UTF-8"?>
<!-- Generated by org.testng.reporters.JUnitReportReporter -->
<testsuite hostname="varsity-tech-5" failures="0" tests="3" name="testCases.TC_0005AssignRoleTestclass" time="50.327" errors="0" timestamp="2026-06-16T14:25:10 IST" skipped="0">
  <testcase classname="testCases.TC_0005AssignRoleTestclass" name="assignRoleTest" time="17.446"/>
  <testcase classname="testCases.TC_0005AssignRoleTestclass" name="assignRoleTest" time="20.285"/>
  <testcase classname="testCases.TC_0005AssignRoleTestclass" name="assignRoleTest" time="12.596"/>
</testsuite> <!-- testCases.TC_0005AssignRoleTestclass -->
