<?xml version="1.0" encoding="UTF-8"?>
<!-- Generated by org.testng.reporters.JUnitReportReporter -->
<testsuite hostname="varsity-tech-5" failures="0" tests="3" name="testCases.TC_0004UnmapTestclass" time="60.489" errors="0" timestamp="2026-06-16T14:25:10 IST" skipped="0">
  <testcase classname="testCases.TC_0004UnmapTestclass" name="UnmapTest" time="20.898"/>
  <testcase classname="testCases.TC_0004UnmapTestclass" name="UnmapTest" time="15.692"/>
  <testcase classname="testCases.TC_0004UnmapTestclass" name="UnmapTest" time="23.899"/>
</testsuite> <!-- testCases.TC_0004UnmapTestclass -->
