<?xml version="1.0" encoding="UTF-8"?>
<!-- Generated by org.testng.reporters.JUnitReportReporter -->
<testsuite hostname="varsity-tech-5" failures="0" tests="3" name="testCases.TC_0001LoginPageTestclass" time="7.438" errors="0" timestamp="2026-06-16T14:25:10 IST" skipped="0">
  <testcase classname="testCases.TC_0001LoginPageTestclass" name="LoginPageTest" time="2.027"/>
  <testcase classname="testCases.TC_0001LoginPageTestclass" name="LoginPageTest" time="2.300"/>
  <testcase classname="testCases.TC_0001LoginPageTestclass" name="LoginPageTest" time="3.111"/>
</testsuite> <!-- testCases.TC_0001LoginPageTestclass -->
