<?xml version="1.0" encoding="UTF-8"?>
<!-- Generated by org.testng.reporters.JUnitReportReporter -->
<testsuite hostname="varsity-tech-5" failures="0" tests="3" name="testCases.TC_0002EmployeeManagementCard" time="80.139" errors="0" timestamp="2026-06-16T14:25:10 IST" skipped="0">
  <testcase classname="testCases.TC_0002EmployeeManagementCard" name="EmployeeManagementCardTest" time="25.770"/>
  <testcase classname="testCases.TC_0002EmployeeManagementCard" name="EmployeeManagementCardTest" time="30.041"/>
  <testcase classname="testCases.TC_0002EmployeeManagementCard" name="EmployeeManagementCardTest" time="24.328"/>
</testsuite> <!-- testCases.TC_0002EmployeeManagementCard -->
