<?xml version="1.0" encoding="UTF-8"?>
<!-- Generated by org.testng.reporters.JUnitXMLReporter -->
<testsuite ignored="0" hostname="varsity-tech-5" failures="0" tests="4" name="Employee Management Test" time="33.176" errors="0" timestamp="2026-06-16T10:25:01 IST">
  <testcase classname="testCases.TC_0001LoginPageTestclass" name="LoginPageTest" time="0.544"/>
  <testcase classname="testCases.TC_0002EmployeeManagementCard" name="EmployeeManagementCardTest" time="6.971"/>
  <testcase classname="testCases.TC_0003AssignIndividualTestclass" name="assignIndividual" time="4.833"/>
  <testcase classname="testCases.TC_0004UnmapTestclass" name="UnmapTest" time="5.206"/>
</testsuite> <!-- Employee Management Test -->
